Starting Dynare (version 6.1).
Calling Dynare with arguments: none
Preprocessing time: 0h00m00s.

STEADY-STATE RESULTS:

c               		 1.53061
k               		 12.7551

EIGENVALUES:
         Modulus             Real        Imaginary
           0.935            0.935                0
           1.123            1.123                0
             Inf             -Inf                0

There are 2 eigenvalue(s) larger than 1 in modulus for 2 forward-looking variable(s)
The rank condition is verified.


--------------------------------------------------------
MODEL SIMULATION:

Iter: 1,	 err. = 0.357143,	 time = 0.140816
Iter: 2,	 err. = 0.199922,	 time = 0.184509
Iter: 3,	 err. = 0.0041091,	 time = 0.12249
Iter: 4,	 err. = 4.511e-06,	 time = 0.120743

Total time of simulation: 0.578751.
--------------------------------------------------------


Perfect foresight solution found.

Total computing time : 0h00m01s
