Starting Dynare (version 6.1).
Calling Dynare with arguments: none
Preprocessing time: 0h00m01s.

STEADY-STATE RESULTS:

n_0 		 0.436782
n_1 		 0.281609
n_2 		 0.281609
s_0 		 0.436782
s_1 		 0.281609
s_2 		 0.281609
k   		 9.63139
k_0 		 9.63139
k_1 		 9.63139
k_2 		 9.63139
c_0 		 0.87396
c_1 		 0.87396
c_2 		 0.87396
i   		 0.48157
y_0 		 1.35553
y   		 3.10345
r   		 1
tot 		 0
sc  		 0
win 		 0
a_0 		 0
a_1 		 0
a_2 		 0

EIGENVALUES:
         Modulus             Real        Imaginary
               0                0                0
               0                0                0
               0                0                0
             0.8              0.8                0
             0.8              0.8                0
             0.8              0.8                0
          0.9314           0.9314                0
           1.193            1.193                0
       6.818e+16        6.818e+16                0
       9.301e+16       -9.301e+16                0
       1.178e+18        1.178e+18                0
       1.615e+18        1.615e+18                0
       1.842e+18        1.842e+18                0
       4.051e+18        4.051e+18                0
       5.365e+18        5.365e+18                0
       2.265e+19        2.265e+19                0
       3.276e+19        3.276e+19                0
             Inf             -Inf                0
             Inf              Inf                0
             Inf              Inf                0
             Inf             -Inf                0
             Inf             -Inf                0

There are 15 eigenvalue(s) larger than 1 in modulus for 15 forward-looking variable(s)
The rank condition is verified.


MODEL SUMMARY

  Number of variables:         23
  Number of stochastic shocks: 3
  Number of state variables:   7
  Number of jumpers:           15
  Number of static variables:  7


MATRIX OF COVARIANCE OF EXOGENOUS SHOCKS
Variables    a_0_shock  a_1_shock  a_2_shock
a_0_shock     0.500000   0.000000   0.000000
a_1_shock     0.000000   0.000000   0.000000
a_2_shock     0.000000   0.000000   0.000000

POLICY AND TRANSITION FUNCTIONS
                                 n_0             n_1             n_2             s_0             s_1             s_2               k             k_0             k_1             k_2             c_0             c_1             c_2               i             y_0               y               r             tot              sc             win             a_0             a_1             a_2
Constant                    0.436782        0.281609        0.281609        0.436782        0.281609        0.281609        9.631391        9.631391        9.631391        9.631391        0.873960        0.873960        0.873960        0.481570        1.355529        3.103448        1.000000               0               0               0               0               0               0
k(-1)                      -0.009373        0.004687        0.004687       -0.009373        0.004687        0.004687        0.931366        1.000000        1.000000        1.000000        0.059915        0.059915        0.059915       -0.018634        0.041281        0.161111               0       -0.003563       -0.003563               0               0               0               0
a_0(-1)                     0.113568       -0.056784       -0.056784        0.113568       -0.056784       -0.056784        1.263520               0               0               0        0.173357       -0.176227       -0.176227        1.263520        1.436877        2.482759               0       -0.094406       -0.094406               0        0.800000               0               0
a_1(-1)                     0.037548       -0.075096        0.037548        0.037548       -0.075096        0.037548               0               0               0               0        0.116528        0.466112        0.116528               0        0.116528               0               0               0               0               0               0        0.800000               0
a_2(-1)                     0.037548        0.037548       -0.075096        0.037548        0.037548       -0.075096               0               0               0               0        0.116528        0.116528        0.466112               0        0.116528               0               0               0               0               0               0               0        0.800000
a_0_shock                   0.141961       -0.070980       -0.070980        0.141961       -0.070980       -0.070980        1.579400               0               0               0        0.216696       -0.220284       -0.220284        1.579400        1.796096        3.103448               0       -0.118008       -0.118008               0        1.000000               0               0
a_1_shock                   0.046935       -0.093870        0.046935        0.046935       -0.093870        0.046935               0               0               0               0        0.145660        0.582640        0.145660               0        0.145660               0               0               0               0               0               0        1.000000               0
a_2_shock                   0.046935        0.046935       -0.093870        0.046935        0.046935       -0.093870               0               0               0               0        0.145660        0.145660        0.582640               0        0.145660               0               0               0               0               0               0               0        1.000000


MOMENTS OF SIMULATED VARIABLES
VARIABLE              MEAN       STD. DEV.        VARIANCE        SKEWNESS        KURTOSIS
n_0               0.436578        0.158931        0.025259       -0.041495        0.004466
n_1               0.281711        0.079466        0.006315        0.041495        0.004466
n_2               0.281711        0.079466        0.006315        0.041495        0.004466
s_0               0.436578        0.158931        0.025259       -0.041495        0.004466
s_1               0.281711        0.079466        0.006315        0.041495        0.004466
s_2               0.281711        0.079466        0.006315        0.041495        0.004466
k                 9.588794       12.958001      167.909793       -0.020272        0.276603
k_0               9.592447       12.955441      167.843459       -0.020165        0.277288
k_1               9.592447       12.955441      167.843459       -0.020165        0.277288
k_2               9.592447       12.955441      167.843459       -0.020165        0.277288
c_0               0.870758        0.913045        0.833650       -0.016888        0.269125
c_1               0.872508        0.706712        0.499442       -0.002358        0.240537
c_2               0.872508        0.706712        0.499442       -0.002358        0.240537
i                 0.475970        1.759950        3.097424        0.007804        0.055726
y_0               1.346729        2.378620        5.657833        0.016374        0.142396
y                 3.084745        4.896355       23.974291        0.010442        0.190071
r                 1.000000        0.000000        0.000000             NaN             NaN
tot               0.000611        0.163124        0.026610       -0.015421        0.156481
sc                0.000611        0.163124        0.026610       -0.015421        0.156481
win               0.000000        0.000000        0.000000             NaN             NaN
a_0              -0.004005        1.170430        1.369906        0.013916        0.087488
a_1               0.000000        0.000000        0.000000             NaN             NaN
a_2              -0.000000        0.000000        0.000000             NaN             NaN


CORRELATION OF SIMULATED VARIABLES
VARIABLE        n_0      n_1      n_2      s_0      s_1      s_2        k      k_0      k_1      k_2      c_0      c_1      c_2        i      y_0        y        r      tot       sc      win      a_0      a_1      a_2
n_0          1.0000  -1.0000  -1.0000   1.0000  -1.0000  -1.0000  -0.1961  -0.3212  -0.3212  -0.3212  -0.0726  -0.6161  -0.6161   0.8022   0.5657   0.3985      NaN  -0.5202  -0.5202      NaN   0.7218      NaN      NaN
n_1         -1.0000   1.0000   1.0000  -1.0000   1.0000   1.0000   0.1961   0.3212   0.3212   0.3212   0.0726   0.6161   0.6161  -0.8022  -0.5657  -0.3985      NaN   0.5202   0.5202      NaN  -0.7218      NaN      NaN
n_2         -1.0000   1.0000   1.0000  -1.0000   1.0000   1.0000   0.1961   0.3212   0.3212   0.3212   0.0726   0.6161   0.6161  -0.8022  -0.5657  -0.3985      NaN   0.5202   0.5202      NaN  -0.7218      NaN      NaN
s_0          1.0000  -1.0000  -1.0000   1.0000  -1.0000  -1.0000  -0.1961  -0.3212  -0.3212  -0.3212  -0.0726  -0.6161  -0.6161   0.8022   0.5657   0.3985      NaN  -0.5202  -0.5202      NaN   0.7218      NaN      NaN
s_1         -1.0000   1.0000   1.0000  -1.0000   1.0000   1.0000   0.1961   0.3212   0.3212   0.3212   0.0726   0.6161   0.6161  -0.8022  -0.5657  -0.3985      NaN   0.5202   0.5202      NaN  -0.7218      NaN      NaN
s_2         -1.0000   1.0000   1.0000  -1.0000   1.0000   1.0000   0.1961   0.3212   0.3212   0.3212   0.0726   0.6161   0.6161  -0.8022  -0.5657  -0.3985      NaN   0.5202   0.5202      NaN  -0.7218      NaN      NaN
k           -0.1961   0.1961   0.1961  -0.1961   0.1961   0.1961   1.0000   0.9916   0.9916   0.9916   0.9922   0.8932   0.8932   0.4282   0.6977   0.8212      NaN  -0.7354  -0.7354      NaN   0.5371      NaN      NaN
k_0         -0.3212   0.3212   0.3212  -0.3212   0.3212   0.3212   0.9916   1.0000   1.0000   1.0000   0.9678   0.9438   0.9438   0.3078   0.5992   0.7406      NaN  -0.6417  -0.6417      NaN   0.4236      NaN      NaN
k_1         -0.3212   0.3212   0.3212  -0.3212   0.3212   0.3212   0.9916   1.0000   1.0000   1.0000   0.9678   0.9438   0.9438   0.3078   0.5992   0.7406      NaN  -0.6417  -0.6417      NaN   0.4236      NaN      NaN
k_2         -0.3212   0.3212   0.3212  -0.3212   0.3212   0.3212   0.9916   1.0000   1.0000   1.0000   0.9678   0.9438   0.9438   0.3078   0.5992   0.7406      NaN  -0.6417  -0.6417      NaN   0.4236      NaN      NaN
c_0         -0.0726   0.0726   0.0726  -0.0726   0.0726   0.0726   0.9922   0.9678   0.9678   0.9678   1.0000   0.8303   0.8303   0.5373   0.7814   0.8858      NaN  -0.8140  -0.8140      NaN   0.6379      NaN      NaN
c_1         -0.6161   0.6161   0.6161  -0.6161   0.6161   0.6161   0.8932   0.9438   0.9438   0.9438   0.8303   1.0000   1.0000  -0.0239   0.3010   0.4769      NaN  -0.3521  -0.3521      NaN   0.1005      NaN      NaN
c_2         -0.6161   0.6161   0.6161  -0.6161   0.6161   0.6161   0.8932   0.9438   0.9438   0.9438   0.8303   1.0000   1.0000  -0.0239   0.3010   0.4769      NaN  -0.3521  -0.3521      NaN   0.1005      NaN      NaN
i            0.8022  -0.8022  -0.8022   0.8022  -0.8022  -0.8022   0.4282   0.3078   0.3078   0.3078   0.5373  -0.0239  -0.0239   1.0000   0.9461   0.8673      NaN  -0.9272  -0.9272      NaN   0.9923      NaN      NaN
y_0          0.5657  -0.5657  -0.5657   0.5657  -0.5657  -0.5657   0.6977   0.5992   0.5992   0.5992   0.7814   0.3010   0.3010   0.9461   1.0000   0.9817      NaN  -0.9985  -0.9985      NaN   0.9790      NaN      NaN
y            0.3985  -0.3985  -0.3985   0.3985  -0.3985  -0.3985   0.8212   0.7406   0.7406   0.7406   0.8858   0.4769   0.4769   0.8673   0.9817   1.0000      NaN  -0.9906  -0.9906      NaN   0.9224      NaN      NaN
r               NaN      NaN      NaN      NaN      NaN      NaN      NaN      NaN      NaN      NaN      NaN      NaN      NaN      NaN      NaN      NaN      NaN      NaN      NaN      NaN      NaN      NaN      NaN
tot         -0.5202   0.5202   0.5202  -0.5202   0.5202   0.5202  -0.7354  -0.6417  -0.6417  -0.6417  -0.8140  -0.3521  -0.3521  -0.9272  -0.9985  -0.9906      NaN   1.0000   1.0000      NaN  -0.9666      NaN      NaN
sc          -0.5202   0.5202   0.5202  -0.5202   0.5202   0.5202  -0.7354  -0.6417  -0.6417  -0.6417  -0.8140  -0.3521  -0.3521  -0.9272  -0.9985  -0.9906      NaN   1.0000   1.0000      NaN  -0.9666      NaN      NaN
win             NaN      NaN      NaN      NaN      NaN      NaN      NaN      NaN      NaN      NaN      NaN      NaN      NaN      NaN      NaN      NaN      NaN      NaN      NaN      NaN      NaN      NaN      NaN
a_0          0.7218  -0.7218  -0.7218   0.7218  -0.7218  -0.7218   0.5371   0.4236   0.4236   0.4236   0.6379   0.1005   0.1005   0.9923   0.9790   0.9224      NaN  -0.9666  -0.9666      NaN   1.0000      NaN      NaN
a_1             NaN      NaN      NaN      NaN      NaN      NaN      NaN      NaN      NaN      NaN      NaN      NaN      NaN      NaN      NaN      NaN      NaN      NaN      NaN      NaN      NaN      NaN      NaN
a_2             NaN      NaN      NaN      NaN      NaN      NaN      NaN      NaN      NaN      NaN      NaN      NaN      NaN      NaN      NaN      NaN      NaN      NaN      NaN      NaN      NaN      NaN      NaN


AUTOCORRELATION OF SIMULATED VARIABLES
VARIABLE         1       2       3       4       5
n_0         0.7494  0.5505  0.3950  0.2694  0.1759
n_1         0.7494  0.5505  0.3950  0.2694  0.1759
n_2         0.7494  0.5505  0.3950  0.2694  0.1759
s_0         0.7494  0.5505  0.3950  0.2694  0.1759
s_1         0.7494  0.5505  0.3950  0.2694  0.1759
s_2         0.7494  0.5505  0.3950  0.2694  0.1759
k           0.9915  0.9708  0.9414  0.9061  0.8669
k_0         0.9915  0.9708  0.9414  0.9060  0.8669
k_1         0.9915  0.9708  0.9414  0.9060  0.8669
k_2         0.9915  0.9708  0.9414  0.9060  0.8669
c_0         0.9833  0.9567  0.9230  0.8846  0.8436
c_1         0.9528  0.9035  0.8539  0.8040  0.7562
c_2         0.9528  0.9035  0.8539  0.8040  0.7562
i           0.7673  0.5816  0.4355  0.3165  0.2270
y_0         0.8420  0.7112  0.6039  0.5127  0.4399
y           0.8915  0.7972  0.7157  0.6431  0.5814
r              NaN     NaN     NaN     NaN     NaN
tot         0.8560  0.7355  0.6355  0.5496  0.4800
sc          0.8560  0.7355  0.6355  0.5496  0.4800
win            NaN     NaN     NaN     NaN     NaN
a_0         0.7923  0.6249  0.4918  0.3821  0.2982
a_1            NaN     NaN     NaN     NaN     NaN
a_2            NaN     NaN     NaN     NaN     NaN



VARIANCE DECOMPOSITION SIMULATING ONE SHOCK AT A TIME (in percent)
              a_0_shock         a_1_shock         a_2_shock  Tot. lin. contr.
n_0              100.01              0.00              0.00            100.01
n_1              100.01              0.00              0.00            100.01
n_2              100.01              0.00              0.00            100.01
s_0              100.01              0.00              0.00            100.01
s_1              100.01              0.00              0.00            100.01
s_2              100.01              0.00              0.00            100.01
k                100.01              0.00              0.00            100.01
k_0              100.01              0.00              0.00            100.01
k_1              100.01              0.00              0.00            100.01
k_2              100.01              0.00              0.00            100.01
c_0              100.01              0.00              0.00            100.01
c_1              100.01              0.00              0.00            100.01
c_2              100.01              0.00              0.00            100.01
i                100.01              0.00              0.00            100.01
y_0              100.01              0.00              0.00            100.01
y                100.01              0.00              0.00            100.01
r                   NaN               NaN               NaN               NaN
tot              100.01              0.00              0.00            100.01
sc               100.01              0.00              0.00            100.01
win                 NaN               NaN               NaN               NaN
a_0              100.01              0.00              0.00            100.01
a_1                 NaN               NaN               NaN               NaN
a_2                 NaN               NaN               NaN               NaN
Note: numbers do not add up to 100 due to non-zero correlation of simulated shocks in small samples

Total computing time : 0h00m01s
