Starting Dynare (version 5.4).
Calling Dynare with arguments: none
Starting preprocessing of the model file ...
Substitution of endo lags >= 2: added 120 auxiliary variables and equations.
Found 532 equation(s).
Evaluating expressions...done
Computing static model derivatives (order 1).
Computing dynamic model derivatives (order 1).
Processing outputs ...
done
Preprocessing completed.


STEADY-STATE RESULTS:

s1                  		 -0.00020295
s2                  		 -0.000395203
s3                  		 -0.000569253
s4                  		 -0.000721614
s5                  		 -0.000850375
s6                  		 -0.000954489
s7                  		 -0.00103348
s8                  		 -0.00108726
s9                  		 -0.00111605
s10                 		 -0.00112032
s11                 		 -0.00110073
s12                 		 -0.00105808
s13                 		 -0.000993336
s14                 		 -0.000907548
s15                 		 -0.000801878
s16                 		 -0.000677565
s17                 		 -0.000535919
s18                 		 -0.000378311
s19                 		 -0.000206161
s20                 		 -2.09303e-05
s21                 		 0.000175881
s22                 		 0.000382747
s23                 		 0.000598118
s24                 		 0.000820428
s25                 		 0.0010481
s26                 		 0.00127954
s27                 		 0.00151318
s28                 		 0.00174741
s29                 		 0.00198068
s30                 		 0.0022114
s31                 		 0.00243803
s32                 		 0.00265903
s33                 		 0.0028729
s34                 		 0.00307816
s35                 		 0.00327334
s36                 		 0.00345703
s37                 		 0.00362785
s38                 		 0.00378446
s39                 		 0.00392557
s40                 		 0.00404993
s41                 		 0.00415635
s42                 		 0.0042437
s43                 		 0.00431091
s44                 		 0.00435696
s45                 		 0.00416595
s46                 		 0.00396815
s47                 		 0.00376331
s48                 		 0.00355119
s49                 		 0.00333154
s50                 		 0.00310409
s51                 		 0.00286857
s52                 		 0.00262468
s53                 		 0.00237213
s54                 		 0.00211062
s55                 		 0.0018398
s56                 		 0.00155936
s57                 		 0.00126894
s58                 		 0.000968184
s59                 		 0.000656703
s60                 		 0.000334111
rev_S2              		 -3.59965e-11
rev_S3              		 -7.00956e-11
rev_S4              		 -1.00966e-10
rev_S5              		 -1.2799e-10
rev_S6              		 -1.50828e-10
rev_S7              		 -1.69294e-10
rev_S8              		 -1.83304e-10
rev_S9              		 -1.92842e-10
rev_S10             		 -1.97949e-10
rev_S11             		 -1.98707e-10
rev_S12             		 -1.95232e-10
rev_S13             		 -1.87668e-10
rev_S14             		 -1.76184e-10
rev_S15             		 -1.60968e-10
rev_S16             		 -1.42226e-10
rev_S17             		 -1.20177e-10
rev_S18             		 -9.50539e-11
rev_S19             		 -6.70996e-11
rev_S20             		 -3.65659e-11
rev_S21             		 -3.71233e-12
rev_S22             		 3.11954e-11
rev_S23             		 6.78864e-11
rev_S24             		 1.06086e-10
rev_S25             		 1.45516e-10
rev_S26             		 1.85897e-10
rev_S27             		 2.26947e-10
rev_S28             		 2.68386e-10
rev_S29             		 3.09932e-10
rev_S30             		 3.51305e-10
rev_S31             		 3.92227e-10
rev_S32             		 4.32424e-10
rev_S33             		 4.71622e-10
rev_S34             		 5.09556e-10
rev_S35             		 5.4596e-10
rev_S36             		 5.80578e-10
rev_S37             		 6.13159e-10
rev_S38             		 6.43456e-10
rev_S39             		 6.71234e-10
rev_S40             		 6.96262e-10
rev_S41             		 7.18319e-10
rev_S42             		 7.37195e-10
rev_S43             		 7.52688e-10
rev_S44             		 7.64608e-10
rev_S45             		 7.72776e-10
rev_S46             		 7.38898e-10
rev_S47             		 7.03815e-10
rev_S48             		 6.67483e-10
rev_S49             		 6.29861e-10
rev_S50             		 5.90902e-10
rev_S51             		 5.5056e-10
rev_S52             		 5.08786e-10
rev_S53             		 4.65529e-10
rev_S54             		 4.20736e-10
rev_S55             		 3.74351e-10
rev_S56             		 3.26319e-10
rev_S57             		 2.76578e-10
rev_S58             		 2.25068e-10
rev_S59             		 1.71723e-10
rev_S60             		 1.16477e-10
rev_S61             		 5.92599e-11
g6                  		 -9.14762
g7                  		 -9.14762
g8                  		 -9.14762
g9                  		 -9.14762
g10                 		 -9.14762
g11                 		 -9.14762
g12                 		 -9.14762
g13                 		 -9.14762
g14                 		 -9.14762
g15                 		 -9.07066
g16                 		 -9.07066
g17                 		 -9.00786
g18                 		 -9.00786
h1                  		 -7.74805
h2                  		 -7.58177
h3                  		 -7.45061
h4                  		 -7.34259
h5                  		 -7.25146
h6                  		 -7.17335
h7                  		 -7.10563
h8                  		 -7.04645
h9                  		 -6.99444
h10                 		 -6.94858
h11                 		 -6.90807
h12                 		 -6.87228
h13                 		 -6.84071
h14                 		 -6.81295
h15                 		 -6.78868
h16                 		 -6.76762
h17                 		 -6.74956
h18                 		 -6.73431
h19                 		 -6.72172
h20                 		 -6.71167
h21                 		 -6.70406
h22                 		 -6.69882
h23                 		 -6.6959
h24                 		 -6.69526
h25                 		 -6.69687
h26                 		 -6.70073
h27                 		 -6.70686
h28                 		 -6.71528
h29                 		 -6.72603
h30                 		 -6.73919
h31                 		 -6.75482
h32                 		 -6.77303
h33                 		 -6.79396
h34                 		 -6.81774
h35                 		 -6.84458
h36                 		 -6.87469
h37                 		 -6.90834
h38                 		 -6.94585
h39                 		 -6.98762
h40                 		 -7.03413
h41                 		 -7.08597
h42                 		 -7.14386
h43                 		 -7.20874
h44                 		 -7.28179
c1                  		 -8.38247
c2                  		 -8.28696
c3                  		 -8.23322
c4                  		 -8.19651
c5                  		 -8.1691
c6                  		 -8.14756
c7                  		 -8.13005
c8                  		 -8.11549
c9                  		 -8.10318
c10                 		 -8.09264
c11                 		 -8.08352
c12                 		 -8.07558
c13                 		 -8.06863
c14                 		 -8.06253
c15                 		 -8.05714
c16                 		 -8.05239
c17                 		 -8.04819
c18                 		 -8.04448
c19                 		 -8.04121
c20                 		 -8.03833
c21                 		 -8.03581
c22                 		 -8.03361
c23                 		 -8.03171
c24                 		 -8.03007
c25                 		 -8.02869
c26                 		 -8.02753
c27                 		 -8.02659
c28                 		 -8.02584
c29                 		 -8.02528
c30                 		 -8.02489
c31                 		 -8.02467
c32                 		 -8.02459
c33                 		 -8.02467
c34                 		 -8.02487
c35                 		 -8.02521
c36                 		 -8.02566
c37                 		 -8.02624
c38                 		 -8.02692
c39                 		 -8.02771
c40                 		 -8.0286
c41                 		 -8.02958
c42                 		 -8.03066
c43                 		 -8.03182
c44                 		 -8.03308
c45                 		 -8.03441
c46                 		 -8.03582
c47                 		 -8.03731
c48                 		 -8.03887
c49                 		 -8.04051
c50                 		 -8.04221
c51                 		 -8.04398
c52                 		 -8.04581
c53                 		 -8.04771
c54                 		 -8.04967
c55                 		 -8.05169
c56                 		 -8.05377
c57                 		 -8.0559
c58                 		 -8.05809
c59                 		 -8.06034
c60                 		 -8.06263
c61                 		 -8.06498
L1                  		 -2.17366
L2                  		 -1.80426
L3                  		 -1.60229
L4                  		 -1.46746
L5                  		 -1.36885
L6                  		 -1.29291
L7                  		 -1.23247
L8                  		 -1.18332
L9                  		 -1.14275
L10                 		 -1.10893
L11                 		 -1.08058
L12                 		 -1.05676
L13                 		 -1.03676
L14                 		 -1.02003
L15                 		 -1.00615
L16                 		 -0.994764
L17                 		 -0.985613
L18                 		 -0.978467
L19                 		 -0.973141
L20                 		 -0.969484
L21                 		 -0.967366
L22                 		 -0.966682
L23                 		 -0.967339
L24                 		 -0.969263
L25                 		 -0.97239
L26                 		 -0.976667
L27                 		 -0.982049
L28                 		 -0.988499
L29                 		 -0.995988
L30                 		 -1.00449
L31                 		 -1.014
L32                 		 -1.02448
L33                 		 -1.03595
L34                 		 -1.04839
L35                 		 -1.0618
L36                 		 -1.0762
L37                 		 -1.09159
L38                 		 -1.10798
L39                 		 -1.1254
L40                 		 -1.14387
L41                 		 -1.16341
L42                 		 -1.18406
L43                 		 -1.20586
L44                 		 -1.22885
rev_L1              		 -22.024
rev_L2              		 -21.4883
rev_L3              		 -21.1552
rev_L4              		 -20.9123
rev_L5              		 -20.7226
rev_L6              		 -20.5686
rev_L7              		 -20.4404
rev_L8              		 -20.3321
rev_L9              		 -20.2395
rev_L10             		 -20.1598
rev_L11             		 -20.091
rev_L12             		 -20.0313
rev_L13             		 -19.9798
rev_L14             		 -19.9353
rev_L15             		 -19.8971
rev_L16             		 -19.8647
rev_L17             		 -19.8375
rev_L18             		 -19.8151
rev_L19             		 -19.7972
rev_L20             		 -19.7835
rev_L21             		 -19.7737
rev_L22             		 -19.7678
rev_L23             		 -19.7655
rev_L24             		 -19.7668
rev_L25             		 -19.7716
rev_L26             		 -19.7797
rev_L27             		 -19.7912
rev_L28             		 -19.8061
rev_L29             		 -19.8243
rev_L30             		 -19.846
rev_L31             		 -19.8711
rev_L32             		 -19.8998
rev_L33             		 -19.9322
rev_L34             		 -19.9684
rev_L35             		 -20.0087
rev_L36             		 -20.0532
rev_L37             		 -20.1022
rev_L38             		 -20.1561
rev_L39             		 -20.2153
rev_L40             		 -20.2803
rev_L41             		 -20.3517
rev_L42             		 -20.4302
rev_L43             		 -20.5169
rev_L44             		 -20.6129
rev_Lump1           		 -10.3358
rev_Lump2           		 -10.3358
rev_Lump3           		 -10.3358
rev_Lump4           		 -10.3358
rev_Lump5           		 -10.3358
rev_Lump6           		 -10.3358
rev_Lump7           		 -10.3358
rev_Lump8           		 -10.3358
rev_Lump9           		 -10.3358
rev_Lump10          		 -10.3358
rev_Lump11          		 -10.3358
rev_Lump12          		 -10.3358
rev_Lump13          		 -10.3358
rev_Lump14          		 -10.3358
rev_Lump15          		 -10.3358
rev_Lump16          		 -10.3358
rev_Lump17          		 -10.3358
rev_Lump18          		 -10.3358
rev_Lump19          		 -10.3358
rev_Lump20          		 -10.3358
rev_Lump21          		 -10.3358
rev_Lump22          		 -10.3358
rev_Lump23          		 -10.3358
rev_Lump24          		 -10.3358
rev_Lump25          		 -10.3358
rev_Lump26          		 -10.3358
rev_Lump27          		 -10.3358
rev_Lump28          		 -10.3358
rev_Lump29          		 -10.3358
rev_Lump30          		 -10.3358
rev_Lump31          		 -10.3358
rev_Lump32          		 -10.3358
rev_Lump33          		 -10.3358
rev_Lump34          		 -10.3358
rev_Lump35          		 -10.3358
rev_Lump36          		 -10.3358
rev_Lump37          		 -10.3358
rev_Lump38          		 -10.3358
rev_Lump39          		 -10.3358
rev_Lump40          		 -10.3358
rev_Lump41          		 -10.3358
rev_Lump42          		 -10.3358
rev_Lump43          		 -10.3358
rev_Lump44          		 -10.3358
rev_Lump45          		 -10.3358
rev_Lump46          		 -10.3358
rev_Lump47          		 -10.3358
rev_Lump48          		 -10.3358
rev_Lump49          		 -10.3358
rev_Lump50          		 -10.3358
rev_Lump51          		 -10.3358
rev_Lump52          		 -10.3358
rev_Lump53          		 -10.3358
rev_Lump54          		 -10.3358
rev_Lump55          		 -10.3358
rev_Lump56          		 -10.3358
rev_Lump57          		 -10.3358
rev_Lump58          		 -10.3358
rev_Lump59          		 -10.3358
rev_Lump60          		 -10.3358
rev_Lump61          		 -10.3358
K                   		 -2.45635
L                   		 -4.19288
e                   		 -9.11536
hf                  		 -7.74805
Y                   		 -3.61983
w                   		 0.172579
rk                  		 -2.27214
rb                  		 -3.27017
Ge                  		 -6.5479
Gu                  		 -7.51205
C                   		 -3.95147
I                   		 -5.18831
Tot_hc              		 -3.12052
Tot_labor           		 2.67553
GY                  		 0
Ges                 		 0
Gus                 		 0
tau_L               		 -12.2749
tau_S               		 -12.2749
tau_Lump            		 -10.3358
rev_L               		 -16.2952
rev_S               		 -18.0014
rev_Lump            		 -6.22492
wg_hc               		 -7.57547
wg_L                		 -4.0203

EIGENVALUES:
         Modulus             Real        Imaginary

       3.991e-12       -3.991e-12                0
       1.435e-10        1.435e-10                0
       1.665e-07       -1.665e-07                0
       1.665e-07        1.665e-07                0
       2.905e-06        2.905e-06                0
       2.911e-06       -2.911e-06                0
        0.001516        -0.001077         0.001066
        0.001516        -0.001077        -0.001066
        0.001531         0.001077         0.001088
        0.001531         0.001077        -0.001088
        0.002009        -0.001626         0.001181
        0.002009        -0.001626        -0.001181
         0.00201        0.0006206         0.001912
         0.00201        0.0006206        -0.001912
         0.00201          0.00201                0
        0.006168        -0.005347         0.003075
        0.006168        -0.005347        -0.003075
        0.006186       -1.837e-05         0.006186
        0.006186       -1.837e-05        -0.006186
          0.0062         0.005365         0.003107
          0.0062         0.005365        -0.003107
          0.0129         -0.01164         0.005547
          0.0129         -0.01164        -0.005547
         0.01298        -0.003012          0.01262
         0.01298        -0.003012         -0.01262
         0.01309         0.008073          0.01031
         0.01309         0.008073         -0.01031
         0.01316          0.01316                0
         0.02074          0.02074                0
         0.02092           0.0153          0.01426
         0.02092           0.0153         -0.01426
         0.02142         0.001418          0.02137
         0.02142         0.001418         -0.02137
         0.02234         -0.01423          0.01723
         0.02234         -0.01423         -0.01723
         0.02404         -0.02384          0.00314
         0.02404         -0.02384         -0.00314
         0.02599         -0.02163          0.01441
         0.02599         -0.02163         -0.01441
         0.02746        -0.007231          0.02649
         0.02746        -0.007231         -0.02649
         0.02853          0.01274          0.02553
         0.02853          0.01274         -0.02553
         0.02905          0.02709           0.0105
         0.02905          0.02709          -0.0105
         0.03607          0.03607                0
         0.03614          0.02942          0.02099
         0.03614          0.02942         -0.02099
          0.0364          0.01181          0.03443
          0.0364          0.01181         -0.03443
         0.03684         -0.01078          0.03522
         0.03684         -0.01078         -0.03522
         0.03717         -0.02985          0.02215
         0.03717         -0.02985         -0.02215
         0.03728         -0.03728                0
         0.06565          0.06565                0
         0.06568           0.0556          0.03497
         0.06568           0.0556         -0.03497
         0.06582          0.02856           0.0593
         0.06582          0.02856          -0.0593
         0.06613        -0.007244          0.06573
         0.06613        -0.007244         -0.06573
         0.06669          -0.0412          0.05245
         0.06669          -0.0412         -0.05245
         0.06756         -0.06339          0.02335
         0.06756         -0.06339         -0.02335
         0.06861         -0.06734          0.01313
         0.06861         -0.06734         -0.01313
         0.06959         -0.05176          0.04651
         0.06959         -0.05176         -0.04651
         0.07037         -0.02099          0.06717
         0.07037         -0.02099         -0.06717
         0.07097          0.01633          0.06907
         0.07097          0.01633         -0.06907
         0.07139          0.04956          0.05139
         0.07139          0.04956         -0.05139
         0.07161          0.06905          0.01896
         0.07161          0.06905         -0.01896
          0.7587          -0.7568          0.05328
          0.7587          -0.7568         -0.05328
          0.7589          -0.7113           0.2645
          0.7589          -0.7113          -0.2645
          0.7598          -0.7425           0.1614
          0.7598          -0.7425          -0.1614
          0.7608          -0.6686           0.3631
          0.7608          -0.6686          -0.3631
          0.7611          -0.6097           0.4555
          0.7611          -0.6097          -0.4555
          0.7619          -0.5405            0.537
          0.7619          -0.5405           -0.537
          0.7645          -0.4597           0.6108
          0.7645          -0.4597          -0.6108
          0.7648          -0.3685           0.6701
          0.7648          -0.3685          -0.6701
          0.7678          -0.2715           0.7182
          0.7678          -0.2715          -0.7182
          0.7698          -0.1659           0.7517
          0.7698          -0.1659          -0.7517
           0.772         -0.05895           0.7697
           0.772         -0.05895          -0.7697
          0.7765          0.05197           0.7748
          0.7765          0.05197          -0.7748
          0.7787           0.1622           0.7616
          0.7787           0.1622          -0.7616
           0.784           0.2696           0.7362
           0.784           0.2696          -0.7362
          0.7892           0.3756           0.6941
          0.7892           0.3756          -0.6941
          0.7942           0.4727           0.6381
          0.7942           0.4727          -0.6381
          0.8032           0.5655           0.5705
          0.8032           0.5655          -0.5705
            0.81             0.81                0
            0.81             0.81                0
          0.8111           0.6485           0.4872
          0.8111           0.6485          -0.4872
          0.8234           0.7222           0.3955
          0.8234           0.7222          -0.3955
          0.8351           0.8351                0
          0.8409           0.7894           0.2898
          0.8409           0.7894          -0.2898
          0.8427          -0.8242           0.1756
          0.8427          -0.8242          -0.1756
          0.8444          -0.8371           0.1108
          0.8444          -0.8371          -0.1108
          0.8449          -0.7205           0.4412
          0.8449          -0.7205          -0.4412
          0.8469          -0.8111           0.2437
          0.8469          -0.8111          -0.2437
           0.847          -0.5344           0.6571
           0.847          -0.5344          -0.6571
          0.8478          -0.7564           0.3828
          0.8478          -0.7564          -0.3828
          0.8484          -0.6848           0.5009
          0.8484          -0.6848          -0.5009
          0.8495          -0.5885           0.6126
          0.8495          -0.5885          -0.6126
          0.8497          -0.2857           0.8002
          0.8497          -0.2857          -0.8002
            0.85          -0.8491          0.03877
            0.85          -0.8491         -0.03877
          0.8501          -0.7895           0.3151
          0.8501          -0.7895          -0.3151
          0.8502            -0.64           0.5598
          0.8502            -0.64          -0.5598
          0.8505          -0.4819           0.7008
          0.8505          -0.4819          -0.7008
          0.8517          -0.2226           0.8221
          0.8517          -0.2226          -0.8221
          0.8528          -0.3521           0.7767
          0.8528          -0.3521          -0.7767
          0.8545          -0.4203           0.7441
          0.8545          -0.4203          -0.7441
          0.8554          0.06631           0.8529
          0.8554          0.06631          -0.8529
          0.8565        -0.001272           0.8565
          0.8565        -0.001272          -0.8565
          0.8583          -0.1532           0.8446
          0.8583          -0.1532          -0.8446
          0.8605           -0.076           0.8571
          0.8605           -0.076          -0.8571
          0.8605           0.1363           0.8496
          0.8605           0.1363          -0.8496
          0.8646           0.3512           0.7901
          0.8646           0.3512          -0.7901
          0.8649           0.8479           0.1707
          0.8649           0.8479          -0.1707
          0.8657           0.2108           0.8396
          0.8657           0.2108          -0.8396
          0.8662           0.2851            0.818
          0.8662           0.2851           -0.818
          0.8688           0.4167           0.7623
          0.8688           0.4167          -0.7623
          0.8725            0.483           0.7266
          0.8725            0.483          -0.7266
          0.8749           0.5451           0.6844
          0.8749           0.5451          -0.6844
          0.8762            0.602           0.6366
          0.8762            0.602          -0.6366
          0.8809           0.6557           0.5883
          0.8809           0.6557          -0.5883
           0.888           0.7105           0.5327
           0.888           0.7105          -0.5327
          0.8897           0.7566            0.468
          0.8897           0.7566           -0.468
          0.8916           0.7944           0.4047
          0.8916           0.7944          -0.4047
           0.899           0.8317           0.3413
           0.899           0.8317          -0.3413
          0.9114           0.8696           0.2728
          0.9114           0.8696          -0.2728
           0.926           0.9057           0.1932
           0.926           0.9057          -0.1932
          0.9278           0.9221           0.1022
          0.9278           0.9221          -0.1022
            0.93             0.93                0
          0.9382           0.9382                0
           1.172            1.153           0.2101
           1.172            1.153          -0.2101
           1.194            1.194                0
           1.206            1.128           0.4265
           1.206            1.128          -0.4265
           1.225            1.187           0.3036
           1.225            1.187          -0.3036
           1.226            1.087           0.5682
           1.226            1.087          -0.5682
           1.252           0.8851           0.8851
           1.252           0.8851          -0.8851
           1.252           0.9804           0.7784
           1.252           0.9804          -0.7784
           1.258            1.053           0.6888
           1.258            1.053          -0.6888
           1.271           0.7944           0.9926
           1.271           0.7944          -0.9926
           1.274           0.5909            1.129
           1.274           0.5909           -1.129
            1.28           0.4613            1.194
            1.28           0.4613           -1.194
           1.285           0.7095            1.071
           1.285           0.7095           -1.071
            1.29           0.0856            1.287
            1.29           0.0856           -1.287
           1.297           0.2273            1.277
           1.297           0.2273           -1.277
             1.3           0.3428            1.254
             1.3           0.3428           -1.254
           1.302          -0.0582            1.301
           1.302          -0.0582           -1.301
           1.304          -0.3048            1.268
           1.304          -0.3048           -1.268
           1.304          -0.4456            1.226
           1.304          -0.4456           -1.226
            1.31          -0.7928            1.043
            1.31          -0.7928           -1.043
           1.317          -0.1803            1.305
           1.317          -0.1803           -1.305
           1.317           -1.152           0.6394
           1.317           -1.152          -0.6394
           1.319          -0.9105           0.9544
           1.319          -0.9105          -0.9544
           1.319           -1.291            0.271
           1.319           -1.291           -0.271
           1.321           -1.075            0.767
           1.321           -1.075           -0.767
           1.322          -0.6819            1.133
           1.322          -0.6819           -1.133
           1.323          -0.5792            1.189
           1.323          -0.5792           -1.189
           1.326            -1.32           0.1246
           1.326            -1.32          -0.1246
           1.334           -1.229           0.5205
           1.334           -1.229          -0.5205
           1.334           -1.269           0.4117
           1.334           -1.269          -0.4117
           1.335           -1.008           0.8756
           1.335           -1.008          -0.8756
           1.342           -1.342                0
       1.813e+07        1.813e+07                0
       8.911e+25       -8.911e+25                0


There are 62 eigenvalue(s) larger than 1 in modulus 
for 62 forward-looking variable(s)

The rank condition is verified.

warning: matrix singular to machine precision, rcond = 6.59676e-17
warning: called from
    dyn_first_order_solver at line 297 column 9
    stochastic_solvers at line 251 column 19
    resol at line 119 column 15
    stoch_simul at line 109 column 21
    driver at line 5222 column 27
    dynare at line 278 column 5
    call_dynare at line 9 column 4
    _pyeval at line 57 column 30

Total computing time : 0h00m03s
Note: warning(s) encountered in MATLAB/Octave code
