Starting Dynare (version 6.1).
Calling Dynare with arguments: none
Preprocessing time: 0h00m00s.

STEADY-STATE RESULTS:

n_0 		 0.436782
n_1 		 0.281609
n_2 		 0.281609
s_0 		 0.436782
s_1 		 0.281609
s_2 		 0.281609
k   		 9.63139
k_0 		 9.63139
k_1 		 9.63139
k_2 		 9.63139
c_0 		 0.873959
c_1 		 0.873959
c_2 		 0.873959
i   		 0.481569
a_0 		 0
a_1 		 0
a_2 		 0

EIGENVALUES:
         Modulus             Real        Imaginary
               0                0                0
               0                0                0
               0                0                0
             0.8              0.8                0
             0.8              0.8                0
             0.8              0.8                0
          0.9105           0.9105                0
            1.22             1.22                0
       7.955e+16        7.955e+16                0
       1.897e+17       -1.897e+17                0
       2.305e+17        2.305e+17                0
       3.042e+17       -3.042e+17                0
       3.438e+17        3.438e+17                0
       1.697e+18        1.697e+18                0
       2.525e+18       -2.525e+18                0
       2.839e+18       -2.839e+18                0
       9.299e+18       -9.299e+18                0
       1.251e+33        1.251e+33                0
        6.68e+34         6.68e+34                0
       1.305e+35        1.305e+35                0

There are 13 eigenvalue(s) larger than 1 in modulus for 13 forward-looking variable(s)
The rank condition is verified.


MODEL SUMMARY

  Number of variables:         17
  Number of stochastic shocks: 3
  Number of state variables:   7
  Number of jumpers:           13
  Number of static variables:  3


MATRIX OF COVARIANCE OF EXOGENOUS SHOCKS
Variables    a_0_shock  a_1_shock  a_2_shock
a_0_shock     0.500000   0.000000   0.000000
a_1_shock     0.000000   0.500000   0.000000
a_2_shock     0.000000   0.000000   0.500000

POLICY AND TRANSITION FUNCTIONS
                                 n_0             n_1             n_2             s_0             s_1             s_2               k             k_0             k_1             k_2             c_0             c_1             c_2               i             a_0             a_1             a_2
Constant                    0.436782        0.281609        0.281609        0.436782        0.281609        0.281609        9.631385        9.631385        9.631385        9.631385        0.873959        0.873959        0.873959        0.481569               0               0               0
k(-1)                      -0.013866        0.006933        0.006933       -0.013866        0.006933        0.006933        0.910451        1.000000        1.000000        1.000000        0.066887        0.066887        0.066887       -0.039549               0               0               0
a_0(-1)                     0.220202       -0.110101       -0.110101        0.220202       -0.110101       -0.110101        1.759918               0               0               0        0.007891       -0.341693       -0.341693        1.759918        0.800000               0               0
a_1(-1)                     0.037548       -0.075096        0.037548        0.037548       -0.075096        0.037548               0               0               0               0        0.116528        0.466112        0.116528               0               0        0.800000               0
a_2(-1)                     0.037548        0.037548       -0.075096        0.037548        0.037548       -0.075096               0               0               0               0        0.116528        0.116528        0.466112               0               0               0        0.800000
a_0_shock                   0.275253       -0.137626       -0.137626        0.275253       -0.137626       -0.137626        2.199897               0               0               0        0.009864       -0.427116       -0.427116        2.199897        1.000000               0               0
a_1_shock                   0.046935       -0.093870        0.046935        0.046935       -0.093870        0.046935               0               0               0               0        0.145660        0.582640        0.145660               0               0        1.000000               0
a_2_shock                   0.046935        0.046935       -0.093870        0.046935        0.046935       -0.093870               0               0               0               0        0.145660        0.145660        0.582640               0               0               0        1.000000


MOMENTS OF SIMULATED VARIABLES
VARIABLE              MEAN       STD. DEV.        VARIANCE        SKEWNESS        KURTOSIS
n_0               0.436827        0.309430        0.095747       -0.140494       -0.108956
n_1               0.279232        0.186015        0.034602        0.042533        0.249352
n_2               0.283941        0.214203        0.045883        0.013128        0.419443
s_0               0.436827        0.309430        0.095747       -0.140494       -0.108956
s_1               0.279232        0.186015        0.034602        0.042533        0.249352
s_2               0.283941        0.214203        0.045883        0.013128        0.419443
k                 9.740843       16.244552      263.885458       -0.321562        0.206906
k_0               9.747602       16.243921      263.864970       -0.322823        0.207933
k_1               9.747602       16.243921      263.864970       -0.322823        0.207933
k_2               9.747602       16.243921      263.864970       -0.322823        0.207933
c_0               0.885474        1.088199        1.184178       -0.441647        0.751639
c_1               0.897643        1.149433        1.321197       -0.301509        0.051242
c_2               0.883029        1.199714        1.439313       -0.308107        1.108264
i                 0.480621        2.439453        5.950931       -0.199317        0.208276
a_0               0.001658        1.218694        1.485214       -0.240182        0.289392
a_1               0.029507        1.287395        1.657386        0.134442        0.265584
a_2              -0.003936        1.246392        1.553494       -0.025031        0.042011


CORRELATION OF SIMULATED VARIABLES
VARIABLE        n_0      n_1      n_2      s_0      s_1      s_2        k      k_0      k_1      k_2      c_0      c_1      c_2        i      a_0      a_1      a_2
n_0          1.0000  -0.7337  -0.8074   1.0000  -0.7337  -0.8074  -0.1068  -0.2445  -0.2445  -0.2445  -0.1823  -0.4699  -0.3559   0.8355   0.7016   0.0566   0.2662
n_1         -0.7337   1.0000   0.1915  -0.7337   1.0000   0.1915   0.2646   0.3600   0.3600   0.3600   0.3049   0.1987   0.5654  -0.5152  -0.3825  -0.5459   0.2623
n_2         -0.8074   0.1915   1.0000  -0.8074   0.1915   1.0000  -0.0754   0.0407   0.0407   0.0407  -0.0015   0.5063   0.0231  -0.7595  -0.6813   0.3923  -0.6123
s_0          1.0000  -0.7337  -0.8074   1.0000  -0.7337  -0.8074  -0.1068  -0.2445  -0.2445  -0.2445  -0.1823  -0.4699  -0.3559   0.8355   0.7016   0.0566   0.2662
s_1         -0.7337   1.0000   0.1915  -0.7337   1.0000   0.1915   0.2646   0.3600   0.3600   0.3600   0.3049   0.1987   0.5654  -0.5152  -0.3825  -0.5459   0.2623
s_2         -0.8074   0.1915   1.0000  -0.8074   0.1915   1.0000  -0.0754   0.0407   0.0407   0.0407  -0.0015   0.5063   0.0231  -0.7595  -0.6813   0.3923  -0.6123
k           -0.1068   0.2646  -0.0754  -0.1068   0.2646  -0.0754   1.0000   0.9894   0.9894   0.9894   0.9609   0.4952   0.6435   0.3999   0.6010  -0.2780   0.0854
k_0         -0.2445   0.3600   0.0407  -0.2445   0.3600   0.0407   0.9894   1.0000   1.0000   1.0000   0.9722   0.5751   0.7016   0.2629   0.4789  -0.2522   0.0714
k_1         -0.2445   0.3600   0.0407  -0.2445   0.3600   0.0407   0.9894   1.0000   1.0000   1.0000   0.9722   0.5751   0.7016   0.2629   0.4789  -0.2522   0.0714
k_2         -0.2445   0.3600   0.0407  -0.2445   0.3600   0.0407   0.9894   1.0000   1.0000   1.0000   0.9722   0.5751   0.7016   0.2629   0.4789  -0.2522   0.0714
c_0         -0.1823   0.3049  -0.0015  -0.1823   0.3049  -0.0015   0.9609   0.9722   0.9722   0.9722   1.0000   0.6914   0.8100   0.2487   0.4593  -0.0869   0.2352
c_1         -0.4699   0.1987   0.5063  -0.4699   0.1987   0.5063   0.4952   0.5751   0.5751   0.5751   0.6914   1.0000   0.7731  -0.3404  -0.1719   0.5430   0.1535
c_2         -0.3559   0.5654   0.0231  -0.3559   0.5654   0.0231   0.6435   0.7016   0.7016   0.7016   0.8100   0.7731   1.0000  -0.1532   0.0287   0.0401   0.6125
i            0.8355  -0.5152  -0.7595   0.8355  -0.5152  -0.7595   0.3999   0.2629   0.2629   0.2629   0.2487  -0.3404  -0.1532   1.0000   0.9729  -0.2556   0.1169
a_0          0.7016  -0.3825  -0.6813   0.7016  -0.3825  -0.6813   0.6010   0.4789   0.4789   0.4789   0.4593  -0.1719   0.0287   0.9729   1.0000  -0.2930   0.1235
a_1          0.0566  -0.5459   0.3923   0.0566  -0.5459   0.3923  -0.2780  -0.2522  -0.2522  -0.2522  -0.0869   0.5430   0.0401  -0.2556  -0.2930   1.0000  -0.0246
a_2          0.2662   0.2623  -0.6123   0.2662   0.2623  -0.6123   0.0854   0.0714   0.0714   0.0714   0.2352   0.1535   0.6125   0.1169   0.1235  -0.0246   1.0000


AUTOCORRELATION OF SIMULATED VARIABLES
VARIABLE         1       2       3       4       5
n_0         0.7574  0.5520  0.3858  0.2525  0.1724
n_1         0.7626  0.5746  0.4383  0.3432  0.2862
n_2         0.8037  0.6303  0.4795  0.3480  0.2553
s_0         0.7574  0.5520  0.3858  0.2525  0.1724
s_1         0.7626  0.5746  0.4383  0.3432  0.2862
s_2         0.8037  0.6303  0.4795  0.3480  0.2553
k           0.9884  0.9619  0.9240  0.8780  0.8270
k_0         0.9884  0.9619  0.9239  0.8780  0.8269
k_1         0.9884  0.9619  0.9239  0.8780  0.8269
k_2         0.9884  0.9619  0.9239  0.8780  0.8269
c_0         0.9778  0.9424  0.8969  0.8457  0.7889
c_1         0.8617  0.7298  0.6143  0.5202  0.4310
c_2         0.8782  0.7730  0.6805  0.6092  0.5381
i           0.7814  0.5921  0.4376  0.3142  0.2322
a_0         0.8242  0.6686  0.5381  0.4308  0.3552
a_1         0.8202  0.6644  0.5434  0.4544  0.3776
a_2         0.8105  0.6656  0.5433  0.4526  0.3764



VARIANCE DECOMPOSITION SIMULATING ONE SHOCK AT A TIME (in percent)
              a_0_shock         a_1_shock         a_2_shock  Tot. lin. contr.
n_0               95.04              3.82              3.58            102.43
n_1               65.75             42.25              9.90            117.90
n_2               49.58              7.97             29.87             87.41
s_0               95.04              3.82              3.58            102.43
s_1               65.75             42.25              9.90            117.90
s_2               49.58              7.97             29.87             87.41
k                100.11              0.00              0.00            100.11
k_0              100.11              0.00              0.00            100.11
k_1              100.11              0.00              0.00            100.11
k_2              100.11              0.00              0.00            100.11
c_0              100.87              2.97              2.79            106.63
c_1               68.94             42.63              2.50            114.07
c_2               63.28              2.45             36.68            102.41
i                100.11              0.00              0.00            100.11
a_0              100.11              0.00              0.00            100.11
a_1                0.00            100.11              0.00            100.11
a_2                0.00              0.00            100.11            100.11
Note: numbers do not add up to 100 due to non-zero correlation of simulated shocks in small samples

Total computing time : 0h00m01s
