Starting Dynare (version 6.1).
Calling Dynare with arguments: none
Preprocessing time: 0h00m00s.

STEADY-STATE RESULTS:

n_0 		 0.324351
n_1 		 0.337825
n_2 		 0.337824
k_0 		 1.01326
k_1 		 0.79405
k_2 		 0.79405
c_0 		 0.283236
c_1 		 0.301034
c_2 		 0.301034
a_0 		 0
a_1 		 0
a_2 		 0

EIGENVALUES:
         Modulus             Real        Imaginary
          0.7207           0.7207                0
             0.9              0.9                0
             0.9              0.9                0
             0.9              0.9                0
           1.494            1.494                0
       1.428e+17       -1.428e+17                0
       2.241e+17       -2.241e+17                0
       4.106e+17       -4.106e+17                0
       5.479e+17        5.479e+17                0
       7.599e+17        7.599e+17                0
       9.008e+17       -9.008e+17                0
        1.94e+18         1.94e+18                0
       1.563e+19        1.563e+19                0

There are 9 eigenvalue(s) larger than 1 in modulus for 10 forward-looking variable(s)
The rank condition ISN'T verified!

