Starting Dynare (version 6.1).
Calling Dynare with arguments: none
Preprocessing time: 0h00m00s.

STEADY-STATE RESULTS:

n_1 		 -1.13322
n_2 		 -1.33595
s_1 		 -1.13322
s_2 		 -1.33595
k   		 0.888126
c_0 		 -0.866783
c_1 		 -0.866783
c_2 		 -1.06952
i   		 0.121529
a_0 		 0
a_1 		 0
a_2 		 0

EIGENVALUES:
         Modulus             Real        Imaginary
               0                0                0
               0                0                0
          0.8925           0.8925                0
            0.95             0.95                0
            0.95             0.95                0
            0.95             0.95                0
           1.245            1.245                0
       3.135e+16        3.135e+16                0
       8.875e+16        8.875e+16                0
       9.019e+16        9.019e+16                0
       1.461e+17       -1.461e+17                0
       1.662e+17       -1.662e+17                0
       1.795e+17       -1.795e+17                0
       1.913e+17        1.913e+17                0
       2.137e+17       -2.137e+17                0
       3.549e+18       -3.549e+18                0
       4.344e+32       -4.344e+32                0

There are 11 eigenvalue(s) larger than 1 in modulus for 11 forward-looking variable(s)
The rank condition is verified.


MODEL SUMMARY

  Number of variables:         12
  Number of stochastic shocks: 3
  Number of state variables:   6
  Number of jumpers:           11
  Number of static variables:  0


MATRIX OF COVARIANCE OF EXOGENOUS SHOCKS
Variables    a_0_shock  a_1_shock  a_2_shock
a_0_shock     0.010000   0.000000   0.000000
a_1_shock     0.000000   0.000000   0.000000
a_2_shock     0.000000   0.000000   0.000000

POLICY AND TRANSITION FUNCTIONS
                                 n_1             n_2             s_1             s_2               k             c_0             c_1             c_2               i             a_0             a_1             a_2
Constant                   -1.133221       -1.335953       -1.133221       -1.335953        0.888126       -0.866783       -0.866783       -1.069515        0.121529               0               0               0
k(-1)                       0.148912        0.148912        0.148912        0.148912        0.892474        0.448912        0.448912        0.448912       -0.139821               0               0               0
a_0(-1)                    -0.064832       -0.064832       -0.064832       -0.064832        0.161214        0.410168       -0.064832       -0.064832        0.391842        0.950000               0               0
a_1(-1)                    -0.306351        0.168649       -0.306351        0.168649               0        0.168649        0.643649        0.168649               0               0        0.950000               0
a_2(-1)                     0.137702       -0.337298        0.137702       -0.337298               0        0.137702        0.137702        0.612702               0               0               0        0.950000
a_0_shock                  -0.068244       -0.068244       -0.068244       -0.068244        0.169699        0.431756       -0.068244       -0.068244        0.412465        1.000000               0               0
a_1_shock                  -0.322474        0.177526       -0.322474        0.177526               0        0.177526        0.677526        0.177526               0               0        1.000000               0
a_2_shock                   0.144949       -0.355051        0.144949       -0.355051               0        0.144949        0.144949        0.644949               0               0               0        1.000000


MOMENTS OF SIMULATED VARIABLES
VARIABLE              MEAN       STD. DEV.        VARIANCE        SKEWNESS        KURTOSIS
n_1              -1.142977        0.054684        0.002990       -0.286076        0.675148
n_2              -1.345710        0.054684        0.002990       -0.286076        0.675148
s_1              -1.142977        0.054684        0.002990       -0.286076        0.675148
s_2              -1.345710        0.054684        0.002990       -0.286076        0.675148
k                 0.794036        0.493907        0.243944       -0.407554        0.709736
c_0              -0.935430        0.364590        0.132926       -0.339394        0.700914
c_1              -0.904656        0.201527        0.040613       -0.394553        0.699607
c_2              -1.107389        0.201527        0.040613       -0.394553        0.699607
i                 0.109247        0.102997        0.010608        0.271181        0.367173
a_0              -0.061547        0.369194        0.136304       -0.021547        0.583438
a_1              -0.000000        0.000000        0.000000             NaN             NaN
a_2               0.000000        0.000000        0.000000             NaN             NaN


CORRELATION OF SIMULATED VARIABLES
VARIABLE       n_1     n_2     s_1     s_2       k     c_0     c_1     c_2       i     a_0     a_1     a_2
n_1         1.0000  1.0000  1.0000  1.0000  0.9443  0.8711  0.9815  0.9815  0.3119  0.6490     NaN     NaN
n_2         1.0000  1.0000  1.0000  1.0000  0.9443  0.8711  0.9815  0.9815  0.3119  0.6490     NaN     NaN
s_1         1.0000  1.0000  1.0000  1.0000  0.9443  0.8711  0.9815  0.9815  0.3119  0.6490     NaN     NaN
s_2         1.0000  1.0000  1.0000  1.0000  0.9443  0.8711  0.9815  0.9815  0.3119  0.6490     NaN     NaN
k           0.9443  0.9443  0.9443  0.9443  1.0000  0.9842  0.9899  0.9899  0.6072  0.8632     NaN     NaN
c_0         0.8711  0.8711  0.8711  0.8711  0.9842  1.0000  0.9491  0.9491  0.7383  0.9390     NaN     NaN
c_1         0.9815  0.9815  0.9815  0.9815  0.9899  0.9491  1.0000  1.0000  0.4882  0.7827     NaN     NaN
c_2         0.9815  0.9815  0.9815  0.9815  0.9899  0.9491  1.0000  1.0000  0.4882  0.7827     NaN     NaN
i           0.3119  0.3119  0.3119  0.3119  0.6072  0.7383  0.4882  0.4882  1.0000  0.9253     NaN     NaN
a_0         0.6490  0.6490  0.6490  0.6490  0.8632  0.9390  0.7827  0.7827  0.9253  1.0000     NaN     NaN
a_1            NaN     NaN     NaN     NaN     NaN     NaN     NaN     NaN     NaN     NaN     NaN     NaN
a_2            NaN     NaN     NaN     NaN     NaN     NaN     NaN     NaN     NaN     NaN     NaN     NaN


AUTOCORRELATION OF SIMULATED VARIABLES
VARIABLE         1       2       3       4       5
n_1         0.9857  0.9699  0.9519  0.9309  0.9086
n_2         0.9857  0.9699  0.9519  0.9309  0.9086
s_1         0.9857  0.9699  0.9519  0.9309  0.9086
s_2         0.9857  0.9699  0.9519  0.9309  0.9086
k           0.9963  0.9893  0.9783  0.9641  0.9473
c_0         0.9908  0.9791  0.9641  0.9456  0.9250
c_1         0.9951  0.9871  0.9755  0.9608  0.9436
c_2         0.9951  0.9871  0.9755  0.9608  0.9436
i           0.9131  0.8363  0.7660  0.6913  0.6229
a_0         0.9605  0.9234  0.8868  0.8464  0.8071
a_1            NaN     NaN     NaN     NaN     NaN
a_2            NaN     NaN     NaN     NaN     NaN



VARIANCE DECOMPOSITION SIMULATING ONE SHOCK AT A TIME (in percent)
              a_0_shock         a_1_shock         a_2_shock  Tot. lin. contr.
n_1              100.11              0.00              0.00            100.11
n_2              100.11              0.00              0.00            100.11
s_1              100.11              0.00              0.00            100.11
s_2              100.11              0.00              0.00            100.11
k                100.11              0.00              0.00            100.11
c_0              100.11              0.00              0.00            100.11
c_1              100.11              0.00              0.00            100.11
c_2              100.11              0.00              0.00            100.11
i                100.11              0.00              0.00            100.11
a_0              100.11              0.00              0.00            100.11
a_1                 NaN               NaN               NaN               NaN
a_2                 NaN               NaN               NaN               NaN
Note: numbers do not add up to 100 due to non-zero correlation of simulated shocks in small samples

Total computing time : 0h00m01s
