Starting Dynare (version 6.1).
Calling Dynare with arguments: none
Preprocessing time: 0h00m02s.

STEADY-STATE RESULTS:

n_0 		 0.436782
n_1 		 0.281609
n_2 		 0.281609
s_0 		 0.436782
s_1 		 0.281609
s_2 		 0.281609
k   		 9.63139
k_0 		 9.63139
k_1 		 9.63139
k_2 		 9.63139
c_0 		 0.87396
c_1 		 0.87396
c_2 		 0.87396
a_0 		 0
a_1 		 0
a_2 		 0

EIGENVALUES:
         Modulus             Real        Imaginary
             0.9              0.9                0
             0.9              0.9                0
             0.9              0.9                0
           0.926            0.926                0
             1.2              1.2                0
       8.764e+15        8.764e+15                0
       4.155e+16       -4.155e+16                0
       2.451e+17       -2.451e+17                0
       2.657e+17        2.657e+17                0
       1.004e+18       -1.004e+18                0

There are 6 eigenvalue(s) larger than 1 in modulus for 6 forward-looking variable(s)
The rank condition is verified.


MODEL SUMMARY

  Number of variables:         16
  Number of stochastic shocks: 3
  Number of state variables:   4
  Number of jumpers:           6
  Number of static variables:  7


MATRIX OF COVARIANCE OF EXOGENOUS SHOCKS
Variables    a_0_shock  a_1_shock  a_2_shock
a_0_shock     0.500000   0.000000   0.000000
a_1_shock     0.000000   0.600000   0.000000
a_2_shock     0.000000   0.000000   0.700000

POLICY AND TRANSITION FUNCTIONS
                                 n_0             n_1             n_2             s_0             s_1             s_2               k             k_0             k_1             k_2             c_0             c_1             c_2             a_0             a_1             a_2
Constant                    0.436782        0.281609        0.281609        0.436782        0.281609        0.281609        9.631391        9.631391        9.631391        9.631391        0.873960        0.873960        0.873960               0               0               0
k(-1)                      -0.010533        0.005266        0.005266       -0.010533        0.005266        0.005266        0.925969        1.000000        1.000000        1.000000        0.061714        0.061714        0.061714               0               0               0
a_1(-1)                    -0.028158        0.077441       -0.049283       -0.028158        0.077441       -0.049283        0.065559               0               0               0       -0.152947        1.026898       -0.152947               0        0.900000               0
a_2(-1)                    -0.028158       -0.049283        0.077441       -0.028158       -0.049283        0.077441        0.065559               0               0               0       -0.152947       -0.152947        1.026898               0               0        0.900000
a_0(-1)                     0.328656       -0.164328       -0.164328        0.328656       -0.164328       -0.164328        1.570081               0               0               0        0.669862       -0.509984       -0.509984        0.900000               0               0
a_0_shock                   0.365173       -0.182587       -0.182587        0.365173       -0.182587       -0.182587        1.744535               0               0               0        0.744291       -0.566648       -0.566648        1.000000               0               0
a_1_shock                  -0.031287        0.086046       -0.054759       -0.031287        0.086046       -0.054759        0.072844               0               0               0       -0.169941        1.140998       -0.169941               0        1.000000               0
a_2_shock                  -0.031287       -0.054759        0.086046       -0.031287       -0.054759        0.086046        0.072844               0               0               0       -0.169941       -0.169941        1.140998               0               0        1.000000


MOMENTS OF SIMULATED VARIABLES
VARIABLE              MEAN       STD. DEV.        VARIANCE        SKEWNESS        KURTOSIS
n_0               0.435031        0.516660        0.266937       -0.191096        0.109627
n_1               0.286858        0.370538        0.137299        0.017774        0.275623
n_2               0.278110        0.288372        0.083159        0.334494        0.308920
s_0               0.435031        0.516660        0.266937       -0.191096        0.109627
s_1               0.286858        0.370538        0.137299        0.017774        0.275623
s_2               0.278110        0.288372        0.083159        0.334494        0.308920
k                 9.875901       24.899636      619.991887       -0.325032       -0.001614
k_0               9.879568       24.898325      619.926579       -0.325468       -0.000818
k_1               9.879568       24.898325      619.926579       -0.325468       -0.000818
k_2               9.879568       24.898325      619.926579       -0.325468       -0.000818
c_0               0.885982        2.625094        6.891116       -0.195880       -0.405736
c_1               0.949458        2.500301        6.251505        0.083368        0.047324
c_2               0.868011        2.749503        7.559768        0.023047        0.887647
a_0               0.006442        1.673546        2.800758       -0.286465        0.296486
a_1               0.054863        2.019089        4.076722        0.351473        0.176089
a_2              -0.007266        2.058733        4.238381        0.101853        0.359799


CORRELATION OF SIMULATED VARIABLES
VARIABLE        n_0      n_1      n_2      s_0      s_1      s_2        k      k_0      k_1      k_2      c_0      c_1      c_2      a_0      a_1      a_2
n_0          1.0000  -0.8386  -0.7141   1.0000  -0.8386  -0.7141   0.3218   0.2356   0.2356   0.2356   0.6203  -0.5530  -0.1480   0.9044  -0.3879  -0.0189
n_1         -0.8386   1.0000   0.2175  -0.8386   1.0000   0.2175  -0.4070  -0.3367  -0.3367  -0.3367  -0.6240   0.7847  -0.3288  -0.8256   0.6757  -0.3992
n_2         -0.7141   0.2175   1.0000  -0.7141   0.2175   1.0000  -0.0537   0.0104   0.0104   0.0104  -0.3096  -0.0176   0.6876  -0.5595  -0.1733   0.5468
s_0          1.0000  -0.8386  -0.7141   1.0000  -0.8386  -0.7141   0.3218   0.2356   0.2356   0.2356   0.6203  -0.5530  -0.1480   0.9044  -0.3879  -0.0189
s_1         -0.8386   1.0000   0.2175  -0.8386   1.0000   0.2175  -0.4070  -0.3367  -0.3367  -0.3367  -0.6240   0.7847  -0.3288  -0.8256   0.6757  -0.3992
s_2         -0.7141   0.2175   1.0000  -0.7141   0.2175   1.0000  -0.0537   0.0104   0.0104   0.0104  -0.3096  -0.0176   0.6876  -0.5595  -0.1733   0.5468
k            0.3218  -0.4070  -0.0537   0.3218  -0.4070  -0.0537   1.0000   0.9957   0.9957   0.9957   0.9324   0.0180   0.4746   0.6769  -0.3467   0.1268
k_0          0.2356  -0.3367   0.0104   0.2356  -0.3367   0.0104   0.9957   1.0000   1.0000   1.0000   0.9012   0.0618   0.4888   0.6059  -0.3332   0.1140
k_1          0.2356  -0.3367   0.0104   0.2356  -0.3367   0.0104   0.9957   1.0000   1.0000   1.0000   0.9012   0.0618   0.4888   0.6059  -0.3332   0.1140
k_2          0.2356  -0.3367   0.0104   0.2356  -0.3367   0.0104   0.9957   1.0000   1.0000   1.0000   0.9012   0.0618   0.4888   0.6059  -0.3332   0.1140
c_0          0.6203  -0.6240  -0.3096   0.6203  -0.6240  -0.3096   0.9324   0.9012   0.9012   0.9012   1.0000  -0.2295   0.2718   0.8603  -0.4955   0.0036
c_1         -0.5530   0.7847  -0.0176  -0.5530   0.7847  -0.0176   0.0180   0.0618   0.0618   0.0618  -0.2295   1.0000  -0.0923  -0.3695   0.8660  -0.1712
c_2         -0.1480  -0.3288   0.6876  -0.1480  -0.3288   0.6876   0.4746   0.4888   0.4888   0.4888   0.2718  -0.0923   1.0000   0.1536  -0.2295   0.8792
a_0          0.9044  -0.8256  -0.5595   0.9044  -0.8256  -0.5595   0.6769   0.6059   0.6059   0.6059   0.8603  -0.3695   0.1536   1.0000  -0.3733   0.1326
a_1         -0.3879   0.6757  -0.1733  -0.3879   0.6757  -0.1733  -0.3467  -0.3332  -0.3332  -0.3332  -0.4955   0.8660  -0.2295  -0.3733   1.0000  -0.0553
a_2         -0.0189  -0.3992   0.5468  -0.0189  -0.3992   0.5468   0.1268   0.1140   0.1140   0.1140   0.0036  -0.1712   0.8792   0.1326  -0.0553   1.0000


AUTOCORRELATION OF SIMULATED VARIABLES
VARIABLE         1       2       3       4       5
n_0         0.8678  0.7394  0.6220  0.5178  0.4306
n_1         0.9055  0.8077  0.7128  0.6221  0.5422
n_2         0.8598  0.7375  0.6353  0.5537  0.4865
s_0         0.8678  0.7394  0.6220  0.5178  0.4306
s_1         0.9055  0.8077  0.7128  0.6221  0.5422
s_2         0.8598  0.7375  0.6353  0.5537  0.4865
k           0.9946  0.9830  0.9653  0.9427  0.9161
k_0         0.9946  0.9830  0.9653  0.9426  0.9160
k_1         0.9946  0.9830  0.9653  0.9426  0.9160
k_2         0.9946  0.9830  0.9653  0.9426  0.9160
c_0         0.9759  0.9477  0.9164  0.8837  0.8495
c_1         0.9092  0.8159  0.7290  0.6497  0.5733
c_2         0.9214  0.8531  0.7903  0.7372  0.6847
a_0         0.9104  0.8216  0.7379  0.6607  0.5957
a_1         0.9160  0.8353  0.7647  0.7047  0.6478
a_2         0.9072  0.8269  0.7509  0.6851  0.6234



VARIANCE DECOMPOSITION SIMULATING ONE SHOCK AT A TIME (in percent)
              a_0_shock         a_1_shock         a_2_shock  Tot. lin. contr.
n_0               92.70              2.06              2.06             96.81
n_1               45.06             23.33              8.58             76.96
n_2               74.39             13.44             39.72            127.55
s_0               92.70              2.06              2.06             96.81
s_1               45.06             23.33              8.58             76.96
s_2               74.39             13.44             39.72            127.55
k                103.44              0.32              0.29            104.05
k_0              103.44              0.32              0.29            104.05
k_1              103.44              0.32              0.29            104.05
k_2              103.44              0.32              0.29            104.05
c_0               92.22              1.23              1.35             94.80
c_1               24.73             89.49              1.49            115.70
c_2               20.45              1.12             76.38             97.95
a_0              100.11              0.00              0.00            100.11
a_1                0.00            100.11              0.00            100.11
a_2                0.00              0.00            100.11            100.11
Note: numbers do not add up to 100 due to non-zero correlation of simulated shocks in small samples

Total computing time : 0h00m01s
