Starting Dynare (version 6.1).
Calling Dynare with arguments: none
Preprocessing time: 0h00m00s.

STEADY-STATE RESULTS:

n_0 		 0.371795
n_1 		 0.314103
n_2 		 0.314103
k   		 1.33136
c_0 		 0.362426
c_1 		 0.362426
c_2 		 0.362426
a_0 		 0
a_1 		 0
a_2 		 0

EIGENVALUES:
         Modulus             Real        Imaginary
          0.8565           0.8565                0
             0.9              0.9                0
             0.9              0.9                0
             0.9              0.9                0
           1.297            1.297                0
       3.271e+16       -3.271e+16                0
       4.249e+16        4.249e+16                0
       9.413e+16       -9.413e+16                0
       2.366e+17       -2.366e+17                0

There are 5 eigenvalue(s) larger than 1 in modulus for 5 forward-looking variable(s)
The rank condition is verified.


MODEL SUMMARY

  Number of variables:         10
  Number of stochastic shocks: 3
  Number of state variables:   4
  Number of jumpers:           5
  Number of static variables:  2


MATRIX OF COVARIANCE OF EXOGENOUS SHOCKS
Variables    a_0_shock  a_1_shock  a_2_shock
a_0_shock     0.500000   0.000000   0.000000
a_1_shock     0.000000   0.600000   0.000000
a_2_shock     0.000000   0.000000   0.700000

POLICY AND TRANSITION FUNCTIONS
                                 n_0             n_1             n_2               k             c_0             c_1             c_2             a_0             a_1             a_2
Constant                    0.371795        0.314103        0.314103        1.331361        0.362426        0.362426        0.362426               0               0               0
k(-1)                      -0.068443        0.034222        0.034222        0.856541        0.175598        0.175598        0.175598               0               0               0
a_1(-1)                    -0.068123        0.104735       -0.036611       -0.036360       -0.042244        0.447031       -0.042244               0        0.900000               0
a_2(-1)                    -0.068123       -0.036611        0.104735       -0.036360       -0.042244       -0.042244        0.447031               0               0        0.900000
a_0(-1)                     0.356725       -0.178363       -0.178363        0.514229        0.283472       -0.205803       -0.205803        0.900000               0               0
a_0_shock                   0.396362       -0.198181       -0.198181        0.571365        0.314969       -0.228670       -0.228670        1.000000               0               0
a_1_shock                  -0.075693        0.116372       -0.040679       -0.040400       -0.046938        0.496701       -0.046938               0        1.000000               0
a_2_shock                  -0.075693       -0.040679        0.116372       -0.040400       -0.046938       -0.046938        0.496701               0               0        1.000000


MOMENTS OF SIMULATED VARIABLES
VARIABLE              MEAN       STD. DEV.        VARIANCE        SKEWNESS        KURTOSIS
n_0               0.368936        0.527956        0.278738       -0.119647       -0.013331
n_1               0.320411        0.388747        0.151124       -0.016051        0.213032
n_2               0.310653        0.310590        0.096466        0.273320        0.444475
k                 1.355766        5.292065       28.005955       -0.236015       -0.182425
c_0               0.366864        1.396646        1.950620       -0.206064       -0.264917
c_1               0.393187        1.031596        1.064191       -0.055210        0.097204
c_2               0.359412        1.253584        1.571473       -0.210508        1.263595
a_0               0.006442        1.673546        2.800758       -0.286465        0.296486
a_1               0.054863        2.019089        4.076722        0.351473        0.176089
a_2              -0.007266        2.058733        4.238381        0.101853        0.359799


CORRELATION OF SIMULATED VARIABLES
VARIABLE        n_0      n_1      n_2        k      c_0      c_1      c_2      a_0      a_1      a_2
n_0          1.0000  -0.8122  -0.6833   0.4361   0.5700  -0.4584  -0.0913   0.8326  -0.4659  -0.1367
n_1         -0.8122   1.0000   0.1290  -0.4866  -0.5833   0.6870  -0.3975  -0.7728   0.7472  -0.3456
n_2         -0.6833   0.1290   1.0000  -0.1322  -0.2388  -0.0807   0.6528  -0.4481  -0.1433   0.6649
k            0.4361  -0.4866  -0.1322   1.0000   0.9880   0.1781   0.5555   0.7995  -0.4270   0.0393
c_0          0.5700  -0.5833  -0.2388   0.9880   1.0000   0.0821   0.4888   0.8714  -0.4729   0.0080
c_1         -0.4584   0.6870  -0.0807   0.1781   0.0821   1.0000   0.0163  -0.0994   0.7530  -0.1649
c_2         -0.0913  -0.3975   0.6528   0.5555   0.4888   0.0163   1.0000   0.3635  -0.3054   0.8055
a_0          0.8326  -0.7728  -0.4481   0.7995   0.8714  -0.0994   0.3635   1.0000  -0.3733   0.1326
a_1         -0.4659   0.7472  -0.1433  -0.4270  -0.4729   0.7530  -0.3054  -0.3733   1.0000  -0.0553
a_2         -0.1367  -0.3456   0.6649   0.0393   0.0080  -0.1649   0.8055   0.1326  -0.0553   1.0000


AUTOCORRELATION OF SIMULATED VARIABLES
VARIABLE         1       2       3       4       5
n_0         0.8356  0.6842  0.5534  0.4466  0.3590
n_1         0.8917  0.7838  0.6839  0.5932  0.5146
n_2         0.8419  0.7089  0.6009  0.5200  0.4530
k           0.9908  0.9699  0.9390  0.9007  0.8570
c_0         0.9832  0.9561  0.9206  0.8794  0.8342
c_1         0.8984  0.7956  0.7016  0.6183  0.5388
c_2         0.9253  0.8579  0.7937  0.7376  0.6804
a_0         0.9104  0.8216  0.7379  0.6607  0.5957
a_1         0.9160  0.8353  0.7647  0.7047  0.6478
a_2         0.9072  0.8269  0.7509  0.6851  0.6234



VARIANCE DECOMPOSITION SIMULATING ONE SHOCK AT A TIME (in percent)
              a_0_shock         a_1_shock         a_2_shock  Tot. lin. contr.
n_0               81.48              6.07              6.49             94.04
n_1               37.57             32.94              6.09             76.60
n_2               58.86              9.34             54.08            122.28
k                 93.52              0.76              0.74             95.02
c_0               90.78              1.41              1.39             93.58
c_1               42.92             83.43              2.55            128.90
c_2               29.06              1.75             59.31             90.12
a_0              100.11              0.00              0.00            100.11
a_1                0.00            100.11              0.00            100.11
a_2                0.00              0.00            100.11            100.11
Note: numbers do not add up to 100 due to non-zero correlation of simulated shocks in small samples

Total computing time : 0h00m01s
