Starting Dynare (version 6.1).
Calling Dynare with arguments: none
Preprocessing time: 0h00m00s.

STEADY-STATE RESULTS:

c      		 1.33909
i      		 0.596816
k      		 6.60195
y      		 1.93591
n0     		 0.613365
s0     		 0.613365
theta0 		 0.35
theta1 		 0.35
theta2 		 0.35
a0     		 0
a1     		 0
a2     		 0

MODEL SUMMARY

  Number of variables:         12
  Number of stochastic shocks: 6
  Number of state variables:   7
  Number of jumpers:           4
  Number of static variables:  2


MATRIX OF COVARIANCE OF EXOGENOUS SHOCKS
Variables      theta0shock  theta1shock  theta2shock      a0shock      a1shock      a2shock
theta0shock       0.010000     0.000000     0.000000     0.000000     0.000000     0.000000
theta1shock       0.000000     0.010000     0.000000     0.000000     0.000000     0.000000
theta2shock       0.000000     0.000000     0.010000     0.000000     0.000000     0.000000
a0shock           0.000000     0.000000     0.000000     0.010000     0.000000     0.000000
a1shock           0.000000     0.000000     0.000000     0.000000     0.010000     0.000000
a2shock           0.000000     0.000000     0.000000     0.000000     0.000000     0.010000

POLICY AND TRANSITION FUNCTIONS
                                   c               i               k               y              n0              s0          theta0          theta1          theta2              a0              a1              a2
Constant                    1.339094        0.596816        6.601952        1.935911        0.613365        0.613365        0.350000        0.350000        0.350000               0               0               0
k(-1)                       0.110196       -0.018286        0.895534        0.091910       -0.013461       -0.013461               0               0               0               0               0               0
theta1(-1)                 -0.301314        0.334290        0.321309        0.032976        0.427868       -0.131613               0        0.900000               0               0               0               0
theta2(-1)                 -0.301314        0.334290        0.321309        0.032976        0.427868       -0.131613               0               0        0.900000               0               0               0
a0(-1)                      0.642704        0.543410        0.522308        1.186113       -0.008170       -0.008170               0               0               0        0.900000               0               0
a1(-1)                             0               0               0               0        0.029745        0.029745               0               0               0               0        0.900000               0
a2(-1)                             0               0               0               0        0.029745        0.029745               0               0               0               0               0        0.900000
theta0(-1)                  0.298738        3.316851        3.188053        3.615589        0.123564        1.242524        0.900000               0               0               0               0               0
theta0shock                -0.058088       -0.644943       -0.619899       -0.703031       -0.024026       -0.241602       -0.175000               0               0               0               0               0
theta1shock                 0.058589       -0.065001       -0.062477       -0.006412       -0.083196        0.025591               0       -0.175000               0               0               0               0
theta2shock                 0.058589       -0.065001       -0.062477       -0.006412       -0.083196        0.025591               0               0       -0.175000               0               0               0
a0shock                     0.714115        0.603788        0.580343        1.317903       -0.009078       -0.009078               0               0               0        1.000000               0               0
a1shock                            0               0               0               0        0.033050        0.033050               0               0               0               0        1.000000               0
a2shock                            0               0               0               0        0.033050        0.033050               0               0               0               0               0        1.000000


MOMENTS OF SIMULATED VARIABLES
VARIABLE              MEAN       STD. DEV.        VARIANCE        SKEWNESS        KURTOSIS
c                 1.340205        0.271235        0.073568        0.026749        0.116171
i                 0.598742        0.188444        0.035511        0.004601        0.016609
k                 6.623450        1.339335        1.793819        0.012114        0.046566
y                 1.938947        0.433002        0.187491        0.018351        0.068391
n0                0.613522        0.032417        0.001051       -0.014379        0.045960
s0                0.614233        0.051869        0.002690       -0.007240       -0.044683
theta0            0.350877        0.040220        0.001618        0.006626       -0.024111
theta1            0.350246        0.040083        0.001607        0.017726       -0.007790
theta2            0.350364        0.039746        0.001580       -0.008287       -0.010181
a0               -0.001887        0.231788        0.053726        0.028193        0.076756
a1                0.000033        0.227711        0.051852       -0.006292       -0.032084
a2                0.000541        0.230671        0.053209       -0.009940       -0.025684


CORRELATION OF SIMULATED VARIABLES
VARIABLE          c        i        k        y       n0       s0   theta0   theta1   theta2       a0       a1       a2
c            1.0000   0.7670   0.8735   0.9602  -0.4901   0.0066   0.3067  -0.0238  -0.0122   0.8593   0.0177  -0.0032
i            0.7670   1.0000   0.6823   0.9157  -0.1675   0.5168   0.7169   0.0644   0.0812   0.6767   0.0103  -0.0003
k            0.8735   0.6823   1.0000   0.8441  -0.4247   0.1978   0.5377   0.0504   0.0651   0.5109   0.0131  -0.0037
y            0.9602   0.9157   0.8441   1.0000  -0.3799   0.2291   0.5041   0.0132   0.0277   0.8328   0.0155  -0.0022
n0          -0.4901  -0.1675  -0.4247  -0.3799   1.0000   0.0009  -0.1001   0.5519   0.5510  -0.3134   0.2243   0.2302
s0           0.0066   0.5168   0.1978   0.2291   0.0009   1.0000   0.9039  -0.1453  -0.1224  -0.2086   0.1376   0.1531
theta0       0.3067   0.7169   0.5377   0.5041  -0.1001   0.9039   1.0000  -0.0125   0.0076  -0.0089  -0.0018   0.0031
theta1      -0.0238   0.0644   0.0504   0.0132   0.5519  -0.1453  -0.0125   1.0000  -0.0047   0.0021   0.0014  -0.0251
theta2      -0.0122   0.0812   0.0651   0.0277   0.5510  -0.1224   0.0076  -0.0047   1.0000   0.0066   0.0003   0.0122
a0           0.8593   0.6767   0.5109   0.8328  -0.3134  -0.2086  -0.0089   0.0021   0.0066   1.0000   0.0178  -0.0031
a1           0.0177   0.0103   0.0131   0.0155   0.2243   0.1376  -0.0018   0.0014   0.0003   0.0178   1.0000  -0.0012
a2          -0.0032  -0.0003  -0.0037  -0.0022   0.2302   0.1531   0.0031  -0.0251   0.0122  -0.0031  -0.0012   1.0000


AUTOCORRELATION OF SIMULATED VARIABLES
VARIABLE         1       2       3       4       5
c           0.9626  0.9224  0.8800  0.8364  0.7924
i           0.8814  0.7770  0.6840  0.6019  0.5298
k           0.9941  0.9788  0.9560  0.9274  0.8945
y           0.9381  0.8785  0.8209  0.7657  0.7133
n0          0.9142  0.8360  0.7643  0.6987  0.6390
s0          0.8765  0.7684  0.6716  0.5867  0.5120
theta0      0.9007  0.8116  0.7299  0.6564  0.5901
theta1      0.8998  0.8097  0.7283  0.6556  0.5900
theta2      0.8986  0.8078  0.7266  0.6537  0.5878
a0          0.9014  0.8127  0.7320  0.6592  0.5938
a1          0.8978  0.8072  0.7256  0.6518  0.5854
a2          0.9012  0.8138  0.7349  0.6637  0.5989



VARIANCE DECOMPOSITION SIMULATING ONE SHOCK AT A TIME (in percent)
               theta0shock       theta1shock       theta2shock           a0shock           a1shock           a2shock  Tot. lin. contr.
c                    18.52              0.14              0.13             82.23              0.00              0.00            101.02
i                    52.75              0.53              0.52             46.96              0.00              0.00            100.76
k                    52.85              0.54              0.53             47.42              0.00              0.00            101.34
y                    28.59              0.05              0.05             72.29              0.00              0.00            100.99
n0                    9.97             31.46             30.96             18.45              5.39              5.53            101.76
s0                   84.53              1.73              1.70              7.21              2.11              2.16             99.44
theta0              100.00              0.00              0.00              0.00              0.00              0.00            100.00
theta1                0.00            100.00              0.00              0.00              0.00              0.00            100.00
theta2                0.00              0.00            100.00              0.00              0.00              0.00            100.00
a0                    0.00              0.00              0.00            100.00              0.00              0.00            100.00
a1                    0.00              0.00              0.00              0.00            100.00              0.00            100.00
a2                    0.00              0.00              0.00              0.00              0.00            100.00            100.00
Note: numbers do not add up to 100 due to non-zero correlation of simulated shocks in small samples

Total computing time : 0h00m15s
